{
  "RSpec": {
    "coverage": {
      "/Users/lauramaddaluno/makers/bookmark_manager/spec/bookmarks_spec.rb": {
        "lines": [
          1,
          null,
          1,
          null,
          1,
          1,
          1,
          1,
          1,
          1,
          null,
          null,
          null
        ]
      },
      "/Users/lauramaddaluno/makers/bookmark_manager/spec/features/bookmarks_spec.rb": {
        "lines": [
          null,
          1,
          1,
          1,
          1,
          1,
          1,
          null,
          null
        ]
      },
      "/Users/lauramaddaluno/makers/bookmark_manager/spec/features/index_spec.rb": {
        "lines": [
          null,
          null,
          null,
          1,
          1,
          1,
          1,
          null,
          null
        ]
      }
    },
    "timestamp": 1631632787
  }
}
